<?xml version="1.0" encoding="UTF-8"?>
<testng-results ignored="0" total="1" passed="1" failed="0" skipped="0">
  <reporter-output>
  </reporter-output>
  <suite started-at="2022-09-05T17:13:04Z" name="SaiprakashSuit" finished-at="2022-09-05T17:13:11Z" duration-ms="6752">
    <groups>
    </groups>
    <test started-at="2022-09-05T17:13:04Z" name="SaiPrakashTest" finished-at="2022-09-05T17:13:11Z" duration-ms="6752">
      <class name="seleniumscripts.googleexample">
        <test-method signature="setup()[pri:0, instance:seleniumscripts.googleexample@5026735c]" started-at="2022-09-05T17:13:04Z" name="setup" finished-at="2022-09-05T17:13:11Z" duration-ms="6672" status="PASS">
          <reporter-output>
          </reporter-output>
        </test-method> <!-- setup -->
      </class> <!-- seleniumscripts.googleexample -->
    </test> <!-- SaiPrakashTest -->
  </suite> <!-- SaiprakashSuit -->
</testng-results>
